<?xml version="1.0" encoding="UTF-8"?>
<testng-results ignored="0" total="0" passed="0" failed="0" skipped="0">
  <reporter-output>
  </reporter-output>
  <suite started-at="2022-05-28T11:05:07 CST" name="com.example.javafxdemo.test.ScanFileTest" finished-at="2022-05-28T11:05:07 CST" duration-ms="17">
    <groups>
    </groups>
    <test started-at="2022-05-28T11:05:07 CST" name="Command line test" finished-at="2022-05-28T11:05:07 CST" duration-ms="17">
    </test> <!-- Command line test -->
  </suite> <!-- com.example.javafxdemo.test.ScanFileTest -->
</testng-results>
